
####NEW DATA####
]0;root@kali: ~[01;31mroot@kali[00m:[01;34m~[00m# 
####NEW DATA####
ca
####NEW DATA####
t > 
####NEW DATA####
fil
####NEW DATA####
e.t
####NEW DATA####
xt 
####NEW DATA####
<<
####NEW DATA####
 
####NEW DATA####
EOF
####NEW DATA####
_
> 
####NEW DATA####
This
####NEW DATA####
 is a 
####NEW DATA####
test

####NEW DATA####
> 
####NEW DATA####
EO
####NEW DATA####
F_

####NEW DATA####
]0;root@kali: ~[01;31mroot@kali[00m:[01;34m~[00m# 
####NEW DATA####
cat file.txt

####NEW DATA####
This is a test

####NEW DATA####
]0;root@kali: ~[01;31mroot@kali[00m:[01;34m~[00m# 
####NEW DATA####
exit
exit
